#
# A fatal error has been detected by the Java Runtime Environment:
#
#  EXCEPTION_ACCESS_VIOLATION (0xc0000005) at pc=0x000000000b9485e1, pid=3940, tid=5360
#
# JRE version: 6.0_17-b04
# Java VM: Java HotSpot(TM) 64-Bit Server VM (14.3-b01 mixed mode windows-amd64 )
# Problematic frame:
# C  0x000000000b9485e1
#
# If you would like to submit a bug report, please visit:
#   http://java.sun.com/webapps/bugreport/crash.jsp
# The crash happened outside the Java Virtual Machine in native code.
# See problematic frame for where to report the bug.
#

---------------  T H R E A D  ---------------

Current thread (0x000000000d669800):  JavaThread "Image Fetcher 2" daemon [_thread_in_native, id=5360, stack(0x00000000580e0000,0x0000000058160000)]

siginfo: ExceptionCode=0xc0000005, reading address 0x0000000000000018

Registers:
EAX=0x0000000000000000, EBX=0x0000000000002000, ECX=0x00000000634a7120, EDX=0x0000000000000000
ESP=0x000000005815c750, EBP=0x000000000d6699b8, ESI=0x00000000634a7120, EDI=0x0000000000000000
EIP=0x000000000b9485e1, EFLAGS=0x0000000000010206

Top of Stack: (sp=0x000000005815c750)
0x000000005815c750:   0000000000000000 0000000000000000
0x000000005815c760:   0000000000000000 0000000078ab32e1
0x000000005815c770:   0000000000000000 0000000000000000
0x000000005815c780:   00000000634a7120 000000000d6699b8
0x000000005815c790:   0000000000002000 000000000b941f90
0x000000005815c7a0:   0000000000000000 0000000000000000
0x000000005815c7b0:   0000000000000000 0000000000000000
0x000000005815c7c0:   0000000000002000 0000000000000000
0x000000005815c7d0:   0000000000000000 0000000000000000
0x000000005815c7e0:   0000000000000000 0000000000000000
0x000000005815c7f0:   0000000000000000 0000000000000000
0x000000005815c800:   0000000000000000 0000000000000000
0x000000005815c810:   0000000000000000 0000000000000000
0x000000005815c820:   0000000000000000 0000000000000000
0x000000005815c830:   0000000000000000 0000000000000000
0x000000005815c840:   0000000000000000 0000000000000000 

Instructions: (pc=0x000000000b9485e1)
0x000000000b9485d1:   c4 58 5f 5b c3 cc cc 48 53 55 56 57 48 83 ec 28
0x000000000b9485e1:   4c 8b 52 18 49 8b e9 49 8b f0 4d 85 d2 48 8b d9 


Stack: [0x00000000580e0000,0x0000000058160000],  sp=0x000000005815c750,  free space=497k
Native frames: (J=compiled Java code, j=interpreted, Vv=VM code, C=native code)
C  0x000000000b9485e1

Java frames: (J=compiled Java code, j=interpreted, Vv=VM code)
j  java.util.zip.ZipFile.read(JJJ[BII)I+0
j  java.util.zip.ZipFile.access$1200(JJJ[BII)I+10
j  java.util.zip.ZipFile$ZipFileInputStream.read([BII)I+66
j  java.util.zip.ZipFile$1.fill()V+32
J  java.util.zip.InflaterInputStream.read([BII)I
j  java.io.FilterInputStream.read([BII)I+7
j  java.io.BufferedInputStream.fill()V+175
j  java.io.BufferedInputStream.read1([BII)I+44
j  java.io.BufferedInputStream.read([BII)I+49
j  sun.awt.image.PNGImageDecoder.fill()V+124
j  sun.awt.image.PNGImageDecoder.need(I)Z+16
j  sun.awt.image.PNGImageDecoder.getChunk()Z+88
j  sun.awt.image.PNGImageDecoder.getData()Z+8
j  sun.awt.image.PNGFilterInputStream.read([BII)I+14
j  java.util.zip.InflaterInputStream.fill()V+19
J  java.util.zip.InflaterInputStream.read([BII)I
j  java.io.BufferedInputStream.fill()V+175
j  java.io.BufferedInputStream.read1([BII)I+44
J  sun.awt.image.PNGImageDecoder.produceImage()V
j  sun.awt.image.InputStreamImageSource.doFetch()V+51
j  sun.awt.image.ImageFetcher.fetchloop()V+33
j  sun.awt.image.ImageFetcher.run()V+5
v  ~StubRoutines::call_stub

---------------  P R O C E S S  ---------------

Java Threads: ( => current thread )
  0x000000000d66a800 JavaThread "Image Fetcher 3" daemon [_thread_blocked, id=4200, stack(0x00000000407d0000,0x0000000040850000)]
=>0x000000000d669800 JavaThread "Image Fetcher 2" daemon [_thread_in_native, id=5360, stack(0x00000000580e0000,0x0000000058160000)]
  0x000000000d668800 JavaThread "Image Fetcher 1" daemon [_thread_blocked, id=5688, stack(0x0000000057ed0000,0x0000000057f50000)]
  0x000000000d666000 JavaThread "Image Fetcher 0" daemon [_thread_blocked, id=6700, stack(0x0000000029230000,0x00000000292b0000)]
  0x000000000d667000 JavaThread "Thread-32" [_thread_in_native, id=6112, stack(0x00000000292f0000,0x0000000029370000)]
  0x000000000e77d800 JavaThread "Code Analyzer updating thread" [_thread_blocked, id=3900, stack(0x0000000028fc0000,0x0000000029040000)]
  0x000000000e786000 JavaThread "Timer queue for AWT thread" daemon [_thread_blocked, id=3572, stack(0x0000000026f40000,0x0000000026fc0000)]
  0x000000000e77f800 JavaThread "Timer queue for AWT thread" daemon [_thread_blocked, id=372, stack(0x00000000252c0000,0x0000000025340000)]
  0x000000000e787800 JavaThread "Prefs Updater" daemon [_thread_blocked, id=6100, stack(0x0000000026480000,0x0000000026500000)]
  0x000000000e785800 JavaThread "Foxtrot Single Worker Thread #1" daemon [_thread_blocked, id=5392, stack(0x00000000266b0000,0x0000000026730000)]
  0x000000000e77c000 JavaThread "Code Analyzer updating thread" [_thread_blocked, id=4592, stack(0x0000000010e60000,0x0000000010ee0000)]
  0x000000000e784800 JavaThread "Code Analyzer updating thread" [_thread_blocked, id=988, stack(0x00000000630b0000,0x0000000063130000)]
  0x000000000e784000 JavaThread "Code Analyzer updating thread" [_thread_blocked, id=3984, stack(0x0000000044950000,0x00000000449d0000)]
  0x000000000e783000 JavaThread "Code Analyzer updating thread" [_thread_blocked, id=6636, stack(0x0000000063020000,0x00000000630a0000)]
  0x000000000e782800 JavaThread "Code Analyzer updating thread" [_thread_blocked, id=4844, stack(0x0000000062ef0000,0x0000000062f70000)]
  0x000000000e782000 JavaThread "Code Analyzer updating thread" [_thread_blocked, id=4056, stack(0x000000004ca70000,0x000000004caf0000)]
  0x000000000e781000 JavaThread "Code Analyzer updating thread" [_thread_blocked, id=1304, stack(0x0000000050f30000,0x0000000050fb0000)]
  0x000000000e780800 JavaThread "Timer-3" [_thread_blocked, id=6716, stack(0x000000000ff80000,0x0000000010000000)]
  0x000000000e77b800 JavaThread "Code Analyzer updating thread" [_thread_blocked, id=5180, stack(0x0000000025340000,0x00000000253c0000)]
  0x000000000e77f000 JavaThread "Active Reference Queue Daemon" daemon [_thread_blocked, id=6852, stack(0x00000000408a0000,0x0000000040920000)]
  0x000000000e77e000 JavaThread "Timer-2" daemon [_thread_blocked, id=3956, stack(0x000000001d1f0000,0x000000001d270000)]
  0x000000000e77c800 JavaThread "Timer-1" daemon [_thread_blocked, id=6296, stack(0x000000000f230000,0x000000000f2b0000)]
  0x000000000e77a800 JavaThread "FelixPackageAdmin" daemon [_thread_blocked, id=6300, stack(0x000000001d150000,0x000000001d1d0000)]
  0x000000000e77a000 JavaThread "FelixStartLevel" daemon [_thread_blocked, id=5092, stack(0x0000000018f90000,0x0000000019010000)]
  0x000000000d6ce000 JavaThread "FelixDispatchQueue" daemon [_thread_blocked, id=4728, stack(0x0000000019090000,0x0000000019110000)]
  0x000000000e710000 JavaThread "TimerQueue" daemon [_thread_blocked, id=4644, stack(0x000000000fed0000,0x000000000ff50000)]
  0x000000000e9b8000 JavaThread "AWT-EventQueue-0" [_thread_blocked, id=4692, stack(0x000000000d040000,0x000000000d0c0000)]
  0x000000000e487000 JavaThread "com.google.common.base.internal.Finalizer" daemon [_thread_blocked, id=5456, stack(0x000000000f2f0000,0x000000000f370000)]
  0x000000000e6dc800 JavaThread "AWT-Shutdown" [_thread_blocked, id=6912, stack(0x000000000f3b0000,0x000000000f430000)]
  0x000000000e405800 JavaThread "AWT-Windows" daemon [_thread_in_native, id=4932, stack(0x000000000eeb0000,0x000000000ef30000)]
  0x000000000db55800 JavaThread "Java2D Disposer" daemon [_thread_blocked, id=1892, stack(0x000000000ee30000,0x000000000eeb0000)]
  0x000000000dbbe800 JavaThread "Timer-0" [_thread_blocked, id=1060, stack(0x000000000ed80000,0x000000000ee00000)]
  0x000000000daef000 JavaThread "JMI Unnamed Thread" [_thread_in_native, id=4396, stack(0x0000000010f70000,0x0000000014f70000)]
  0x000000000cdcd000 JavaThread "Low Memory Detector" daemon [_thread_blocked, id=5804, stack(0x000000000cfc0000,0x000000000d040000)]
  0x000000000cd87000 JavaThread "CompilerThread1" daemon [_thread_blocked, id=2228, stack(0x0000000048a20000,0x000000004ca20000)]
  0x000000000cd82800 JavaThread "CompilerThread0" daemon [_thread_blocked, id=7164, stack(0x00000000449d0000,0x00000000489d0000)]
  0x000000000cd81800 JavaThread "Attach Listener" daemon [_thread_blocked, id=4600, stack(0x000000000d0c0000,0x000000000d140000)]
  0x0000000004c56800 JavaThread "Finalizer" daemon [_thread_blocked, id=3044, stack(0x000000000cc10000,0x000000000cc90000)]
  0x0000000004c51000 JavaThread "Reference Handler" daemon [_thread_blocked, id=4652, stack(0x000000000ccf0000,0x000000000cd70000)]
  0x0000000004b3f000 JavaThread "main" [_thread_in_native, id=3540, stack(0x0000000000120000,0x0000000004120000)]

Other Threads:
  0x0000000004c4b800 VMThread [stack: 0x0000000040940000,0x0000000044940000] [id=1348]
  0x000000000cdf4000 WatcherThread [stack: 0x000000004caf0000,0x0000000050af0000] [id=6548]

VM state:not at safepoint (normal execution)

VM Mutex/Monitor currently owned by a thread: None

Heap
 def new generation   total 27712K, used 5744K [0x000000002c3d0000, 0x000000002e1e0000, 0x000000002f4d0000)
  eden space 24640K,  12% used [0x000000002c3d0000, 0x000000002c6d5728, 0x000000002dbe0000)
  from space 3072K,  86% used [0x000000002dee0000, 0x000000002e176c50, 0x000000002e1e0000)
  to   space 3072K,   0% used [0x000000002dbe0000, 0x000000002dbe0000, 0x000000002dee0000)
 tenured generation   total 92084K, used 80256K [0x000000002f4d0000, 0x0000000034ebd000, 0x00000000387d0000)
   the space 92084K,  87% used [0x000000002f4d0000, 0x0000000034330138, 0x0000000034330200, 0x0000000034ebd000)
 compacting perm gen  total 64320K, used 64202K [0x00000000387d0000, 0x000000003c6a0000, 0x00000000407d0000)
   the space 64320K,  99% used [0x00000000387d0000, 0x000000003c6828c0, 0x000000003c682a00, 0x000000003c6a0000)
No shared spaces configured.

Dynamic libraries:
0x000000013f250000 - 0x000000013f279000 	E:\Matlab\bin\win64\MATLAB.exe
0x00000000773a0000 - 0x000000007754c000 	C:\Windows\SYSTEM32\ntdll.dll
0x0000000076e10000 - 0x0000000076f2f000 	C:\Windows\system32\kernel32.dll
0x000007fefd960000 - 0x000007fefd9cc000 	C:\Windows\system32\KERNELBASE.dll
0x0000000074460000 - 0x0000000074563000 	E:\Matlab\bin\win64\libut.dll
0x00000000758a0000 - 0x0000000075944000 	E:\Matlab\bin\win64\libmwi18n.dll
0x0000000180000000 - 0x000000018000b000 	E:\Matlab\bin\win64\libmwresource_core.dll
0x000000006fa90000 - 0x000000006fb63000 	C:\Windows\WinSxS\amd64_microsoft.vc90.crt_1fc8b3b9a1e18e3b_9.0.30729.6161_none_08e61857a83bc251\MSVCP90.dll
0x00000000712d0000 - 0x0000000071373000 	C:\Windows\WinSxS\amd64_microsoft.vc90.crt_1fc8b3b9a1e18e3b_9.0.30729.6161_none_08e61857a83bc251\MSVCR90.dll
0x000000007a170000 - 0x000000007a19c000 	E:\Matlab\bin\win64\boost_filesystem-vc90-mt-1_44.dll
0x000000007a560000 - 0x000000007a569000 	E:\Matlab\bin\win64\boost_system-vc90-mt-1_44.dll
0x000007feff120000 - 0x000007feff1fb000 	C:\Windows\system32\ADVAPI32.dll
0x000007feff200000 - 0x000007feff29f000 	C:\Windows\system32\msvcrt.dll
0x000007fefdc30000 - 0x000007fefdc4f000 	C:\Windows\SYSTEM32\sechost.dll
0x000007fefdce0000 - 0x000007fefde0e000 	C:\Windows\system32\RPCRT4.dll
0x000000007a010000 - 0x000000007a035000 	E:\Matlab\bin\win64\LIBEXPAT.dll
0x000000006f890000 - 0x000000006fa81000 	E:\Matlab\bin\win64\icuin44.dll
0x000000006f710000 - 0x000000006f881000 	E:\Matlab\bin\win64\icuuc44.dll
0x0000000010000000 - 0x0000000010e41000 	E:\Matlab\bin\win64\icudt44.dll
0x0000000073f70000 - 0x00000000740b5000 	E:\Matlab\bin\win64\libmwfl.dll
0x000000007a350000 - 0x000000007a556000 	E:\Matlab\bin\win64\libmwMATLAB_res.dll
0x0000000004160000 - 0x0000000004170000 	E:\Matlab\bin\win64\boost_date_time-vc90-mt-1_44.dll
0x000000007a250000 - 0x000000007a263000 	E:\Matlab\bin\win64\boost_signals-vc90-mt-1_44.dll
0x000000007a2d0000 - 0x000000007a2e2000 	E:\Matlab\bin\win64\boost_thread-vc90-mt-1_44.dll
0x00000000041a0000 - 0x00000000041e6000 	E:\Matlab\bin\win64\tbb.dll
0x000007fefe0d0000 - 0x000007fefe0e9000 	C:\Windows\system32\imagehlp.dll
0x0000000077560000 - 0x0000000077567000 	C:\Windows\system32\PSAPI.DLL
0x00000000718a0000 - 0x00000000718b3000 	E:\Matlab\bin\win64\icuio44.dll
0x000007fef91b0000 - 0x000007fef92d5000 	C:\Windows\system32\dbghelp.dll
0x00000000772a0000 - 0x000000007739a000 	C:\Windows\system32\USER32.dll
0x000007feff430000 - 0x000007feff497000 	C:\Windows\system32\GDI32.dll
0x000007feff110000 - 0x000007feff11e000 	C:\Windows\system32\LPK.dll
0x000007fefefa0000 - 0x000007feff06a000 	C:\Windows\system32\USP10.dll
0x000000007bed0000 - 0x000000007c148000 	E:\Matlab\bin\win64\libmwservices.dll
0x0000000075a20000 - 0x0000000075ad5000 	E:\Matlab\bin\win64\libmx.dll
0x000000007a210000 - 0x000000007a228000 	E:\Matlab\bin\win64\zlib1.dll
0x0000000074330000 - 0x0000000074453000 	E:\Matlab\bin\win64\libmwmathutil.dll
0x0000000075f10000 - 0x0000000075f5d000 	E:\Matlab\bin\win64\mpath.dll
0x000000007b680000 - 0x000000007bb4d000 	E:\Matlab\bin\win64\mlutil.dll
0x0000000071250000 - 0x00000000712cf000 	E:\Matlab\bin\win64\xmlcore.dll
0x000000007bc30000 - 0x000000007be83000 	E:\Matlab\bin\win64\xerces-c_2_7.dll
0x000007fefdbe0000 - 0x000007fefdc2d000 	C:\Windows\system32\WS2_32.dll
0x000007fefdc50000 - 0x000007fefdc58000 	C:\Windows\system32\NSI.dll
0x0000000004390000 - 0x00000000043a6000 	E:\Matlab\bin\win64\libmwsettings_res.dll
0x00000000043c0000 - 0x0000000004407000 	E:\Matlab\bin\win64\boost_serialization-vc90-mt-1_44.dll
0x000007fefe190000 - 0x000007fefef17000 	C:\Windows\system32\SHELL32.dll
0x000007fefdc60000 - 0x000007fefdcd1000 	C:\Windows\system32\SHLWAPI.dll
0x000007fef9a30000 - 0x000007fef9ad0000 	C:\Windows\WinSxS\amd64_microsoft.windows.common-controls_6595b64144ccf1df_5.82.7600.16661_none_a44e1fc257f685f6\COMCTL32.dll
0x000007feff070000 - 0x000007feff108000 	C:\Windows\system32\COMDLG32.dll
0x000007fefb980000 - 0x000007fefb996000 	C:\Windows\system32\NETAPI32.dll
0x000007fefb970000 - 0x000007fefb97c000 	C:\Windows\system32\netutils.dll
0x000007fefd340000 - 0x000007fefd363000 	C:\Windows\system32\srvcli.dll
0x000007fefb950000 - 0x000007fefb965000 	C:\Windows\system32\wkscli.dll
0x000007feff4a0000 - 0x000007feff6a2000 	C:\Windows\system32\ole32.dll
0x000007fefde10000 - 0x000007fefdee7000 	C:\Windows\system32\OLEAUT32.dll
0x0000000074970000 - 0x0000000074a41000 	E:\Matlab\bin\win64\mcr.dll
0x0000000075000000 - 0x0000000075324000 	E:\Matlab\bin\win64\iqm.dll
0x0000000068160000 - 0x0000000068930000 	E:\Matlab\bin\win64\m_interpreter.dll
0x0000000071230000 - 0x0000000071245000 	E:\Matlab\bin\win64\libmex.dll
0x000000006f660000 - 0x000000006f70e000 	E:\Matlab\bin\win64\m_dispatcher.dll
0x0000000074880000 - 0x000000007496d000 	E:\Matlab\bin\win64\boost_regex-vc90-mt-1_44.dll
0x000000006ec30000 - 0x000000006ecb4000 	E:\Matlab\bin\win64\profiler.dll
0x0000000079f40000 - 0x0000000079f73000 	E:\Matlab\bin\win64\libmwmathrng.dll
0x0000000074c10000 - 0x0000000074cea000 	E:\Matlab\bin\win64\libmwmathcore.dll
0x0000000076160000 - 0x00000000761cb000 	E:\Matlab\bin\win64\libmwspmatrix.dll
0x0000000075ea0000 - 0x0000000075f02000 	E:\Matlab\bin\win64\libmwcholmod.dll
0x00000000044d0000 - 0x00000000044dd000 	E:\Matlab\bin\win64\libmwamd.dll
0x00000000044f0000 - 0x00000000044fc000 	E:\Matlab\bin\win64\libmwcolamd.dll
0x0000000071190000 - 0x00000000711a9000 	E:\Matlab\bin\win64\libmwblas.dll
0x0000000071170000 - 0x0000000071182000 	E:\Matlab\bin\win64\libmwbinder.dll
0x0000000071130000 - 0x000000007113b000 	E:\Matlab\bin\win64\libmwompwrapper.dll
0x000000006fd20000 - 0x000000006fda2000 	E:\Matlab\bin\win64\libmwlapack.dll
0x00000000710f0000 - 0x0000000071111000 	E:\Matlab\bin\win64\m_pcodeio.dll
0x0000000079b10000 - 0x0000000079b77000 	E:\Matlab\bin\win64\m_ir.dll
0x00000000674e0000 - 0x0000000067b20000 	E:\Matlab\bin\win64\m_parser.dll
0x0000000070af0000 - 0x0000000070b0a000 	E:\Matlab\bin\win64\ir_xfmr.dll
0x0000000068ef0000 - 0x0000000069175000 	E:\Matlab\bin\win64\mcos.dll
0x0000000071890000 - 0x000000007189c000 	E:\Matlab\bin\win64\mtok.dll
0x000000006f620000 - 0x000000006f651000 	E:\Matlab\bin\win64\m_pcodegen.dll
0x0000000079fb0000 - 0x0000000079fe5000 	E:\Matlab\bin\win64\libmwbridge.dll
0x000000006b450000 - 0x000000006b518000 	E:\Matlab\bin\win64\udd.dll
0x000000006b300000 - 0x000000006b447000 	E:\Matlab\bin\win64\libmwgui.dll
0x00000000708a0000 - 0x00000000708b7000 	E:\Matlab\bin\win64\graphics_util.dll
0x0000000066b30000 - 0x00000000674e0000 	E:\Matlab\bin\win64\hg.dll
0x0000000076100000 - 0x0000000076158000 	E:\Matlab\bin\win64\libmat.dll
0x0000000072d30000 - 0x0000000072f44000 	E:\Matlab\bin\win64\hdf5dll.dll
0x0000000075710000 - 0x000000007579d000 	E:\Matlab\bin\win64\jmi.dll
0x0000000004640000 - 0x000000000464e000 	E:\Matlab\bin\win64\nativejava_services.dll
0x000000006ebe0000 - 0x000000006ec23000 	E:\Matlab\bin\win64\libmwhardcopy.dll
0x000000006e350000 - 0x000000006e3b3000 	E:\Matlab\bin\win64\libuij.dll
0x000000006b0f0000 - 0x000000006b2f7000 	E:\Matlab\bin\win64\hgdatatypes.dll
0x000000006a800000 - 0x000000006a8f9000 	E:\Matlab\bin\win64\hgutils.dll
0x000000006acc0000 - 0x000000006ad7d000 	E:\Matlab\bin\win64\udd_mi.dll
0x00000000046b0000 - 0x0000000004979000 	E:\Matlab\bin\win64\uiw.dll
0x0000000070890000 - 0x000000007089f000 	E:\Matlab\bin\win64\uinone.dll
0x000007fef8080000 - 0x000007fef8098000 	C:\Windows\system32\MPR.dll
0x0000000067c70000 - 0x0000000068154000 	C:\Windows\WinSxS\amd64_microsoft.vc90.mfc_1fc8b3b9a1e18e3b_9.0.30729.6161_none_044aad0bab1eb146\mfc90.dll
0x000007fefa5f0000 - 0x000007fefa5f7000 	C:\Windows\system32\MSIMG32.dll
0x000007fef99c0000 - 0x000007fef9a30000 	C:\Windows\system32\WINSPOOL.DRV
0x000000006ed30000 - 0x000000006ed51000 	E:\Matlab\bin\win64\mwoles05.DLL
0x000000006e2d0000 - 0x000000006e345000 	E:\Matlab\bin\win64\comcli.dll
0x000000006ecd0000 - 0x000000006ecff000 	C:\Windows\WinSxS\amd64_microsoft.vc90.atl_1fc8b3b9a1e18e3b_9.0.30729.6161_none_0a1fd3a3a768b895\ATL90.DLL
0x00000000701b0000 - 0x00000000701bc000 	E:\Matlab\bin\win64\mlautoregister.dll
0x00000000049d0000 - 0x00000000049e0000 	E:\Matlab\bin\win64\boost_iostreams-vc90-mt-1_44.dll
0x000007fefef70000 - 0x000007fefef9e000 	C:\Windows\system32\IMM32.DLL
0x000007feff320000 - 0x000007feff429000 	C:\Windows\system32\MSCTF.dll
0x000007fefd7d0000 - 0x000007fefd810000 	C:\Windows\system32\nvinitx.dll
0x000000000f000000 - 0x000000000f006000 	C:\Program Files\NVIDIA Corporation\CoProcManager\_etoured.dll
0x000007fef4cf0000 - 0x000007fef4d44000 	C:\Program Files\NVIDIA Corporation\CoProcManager\nvd3d9wrapx.dll
0x000007fefdef0000 - 0x000007fefe0c7000 	C:\Windows\system32\SETUPAPI.dll
0x000007fefdb60000 - 0x000007fefdb96000 	C:\Windows\system32\CFGMGR32.dll
0x000007fefd9d0000 - 0x000007fefd9ea000 	C:\Windows\system32\DEVOBJ.dll
0x000007fef3bd0000 - 0x000007fef3c13000 	C:\Program Files\NVIDIA Corporation\CoProcManager\nvdxgiwrapx.dll
0x000007fefb2d0000 - 0x000007fefb326000 	C:\Windows\system32\UxTheme.dll
0x000007fefade0000 - 0x000007fefadf8000 	C:\Windows\system32\dwmapi.dll
0x000000006fd10000 - 0x000000006fd19000 	C:\Windows\WinSxS\amd64_microsoft.vc90.mfcloc_1fc8b3b9a1e18e3b_9.0.30729.6161_none_01c9581e60cbee58\MFC90CHS.DLL
0x0000000004c80000 - 0x0000000004ca9000 	E:\Matlab\bin\win64\tbbmalloc.dll
0x00000000065d0000 - 0x00000000065e4000 	C:\Program Files (x86)\Kingsoft\Kingsoft Antivirus\kwsui64.dll
0x000007fefd810000 - 0x000007fefd81f000 	C:\Windows\system32\profapi.dll
0x000007fefc1b0000 - 0x000007fefc1d7000 	C:\Windows\system32\iphlpapi.dll
0x000007fefc220000 - 0x000007fefc22b000 	C:\Windows\system32\WINNSI.DLL
0x000007fefcec0000 - 0x000007fefcf1b000 	C:\Windows\system32\DNSAPI.dll
0x000007fefc070000 - 0x000007fefc088000 	C:\Windows\system32\dhcpcsvc.DLL
0x000007fefc050000 - 0x000007fefc061000 	C:\Windows\system32\dhcpcsvc6.DLL
0x000000006ebd0000 - 0x000000006ebd3000 	C:\Windows\system32\icmp.Dll
0x000007fefd700000 - 0x000007fefd70f000 	C:\Windows\system32\CRYPTBASE.dll
0x00000000077e0000 - 0x000000000782a000 	C:\Program Files\Acer\Acer ePower Management\SysHook.dll
0x0000000078870000 - 0x0000000078ecd000 	E:\Matlab\sys\java\jre\win64\jre\bin\server\jvm.dll

VM Arguments:
jvm_args: -Xss512k -XX:PermSize=32m -Xms64m -XX:NewRatio=3 -XX:MaxPermSize=128m -Xmx196m -XX:MaxDirectMemorySize=2147400000 -Dsun.java2d.noddraw=true -Dsun.awt.nopixfmt=true -Xshare:off -Xrs -Dsun.awt.disableMixing=true -Djava.library.path=E:\Matlab\bin\win64 vfprintf abort 
java_command: <unknown>
Launcher Type: generic

Environment Variables:
JAVA_HOME=C:\Program Files (x86)\Java\jdk1.7.0_04
CLASSPATH=C:\Program Files (x86)\Java\jdk1.7.0_04\jre\lib\rt.jar;C:\Program Files (x86)\Java\jdk1.7.0_04\lib\tools.jar;E:\java\PPT\06\File;
PATH=C:\Program Files (x86)\NVIDIA Corporation\PhysX\Common;E:\R\Rtools\bin;E:\R\Rtools\gcc-4.6.3\bin;C:\Program Files (x86)\PC Connectivity Solution\;C:\Windows\system32;C:\Windows;C:\Windows\System32\Wbem;C:\Windows\System32\WindowsPowerShell\v1.0\;C:\Program Files (x86)\Common Files\Thunder Network\KanKan\Codecs;C:\Program Files (x86)\Microsoft SQL Server\100\Tools\Binn\;C:\Program Files\Microsoft SQL Server\100\Tools\Binn\;C:\Program Files\Microsoft SQL Server\100\DTS\Binn\;E:\Matlab\bin\win64;E:\Matlab\runtime\win64;E:\Matlab\bin;C:\Program Files (x86)\Java\jdk1.7.0_04\bin;E:\CTEX\UserData\miktex\bin;E:\CTEX\MiKTeX\miktex\bin;E:\CTEX\CTeX\ctex\bin;E:\CTEX\CTeX\cct\bin;E:\CTEX\CTeX\ty\bin;E:\CTEX\Ghostscript\gs9.00\bin;E:\CTEX\GSview\gsview;E:\CTEX\WinEdt;E:\R\R-2.15.3\bin;E:\R\RStudio\bin;D:\Program Files (x86)\CodeBlocks\MinGW\bin;c:\Program Files\bin;E:\数据结构\Tools\WinNT;E:\数据结构\MSDev98\Bin;E:\数据结构\Tools;E:\VC98\bin;D:\Program Files\DBank\ClickUp;C:\Program Files\MySQL\MySQL Server 5.6;E:\R\Rtools\bin
USERNAME=acer
OS=Windows_NT
PROCESSOR_IDENTIFIER=Intel64 Family 6 Model 37 Stepping 5, GenuineIntel



---------------  S Y S T E M  ---------------

OS: Windows 7 Build 7600 

CPU:total 4 (8 cores per cpu, 2 threads per core) family 6 model 37 stepping 5, cmov, cx8, fxsr, mmx, sse, sse2, sse3, ssse3, sse4.1, sse4.2, ht

Memory: 4k page, physical 1823148k(239624k free), swap 4254780k(1511080k free)

vm_info: Java HotSpot(TM) 64-Bit Server VM (14.3-b01) for windows-amd64 JRE (1.6.0_17-b04), built on Oct 11 2009 00:46:08 by "java_re" with MS VC++ 8.0

time: Sun Apr 20 21:14:17 2014
elapsed time: 3071 seconds

